current directory: /bundle/gems/byebug-10.0.2/ext/byebug
/usr/local/bin/ruby -r ./siteconf20180801-189-1op9hmp.rb extconf.rb
creating Makefile

current directory: /bundle/gems/byebug-10.0.2/ext/byebug
make "DESTDIR=" clean
make: Warning: File 'Makefile' has modification time 3 s in the future
make: warning:  Clock skew detected.  Your build may be incomplete.

current directory: /bundle/gems/byebug-10.0.2/ext/byebug
make "DESTDIR="
make: Warning: File 'Makefile' has modification time 3 s in the future
compiling breakpoint.c
compiling byebug.c
compiling context.c
compiling locker.c
compiling threads.c
linking shared-object byebug/byebug.so
make: warning:  Clock skew detected.  Your build may be incomplete.

current directory: /bundle/gems/byebug-10.0.2/ext/byebug
make "DESTDIR=" install
make: Warning: File 'Makefile' has modification time 1.2 s in the future
/usr/bin/install -c -m 0755 byebug.so ./.gem.20180801-189-1tmt6ok/byebug
make: warning:  Clock skew detected.  Your build may be incomplete.
