current directory: /bundle/gems/ffi-1.9.25/ext/ffi_c
/usr/local/bin/ruby -r ./siteconf20180801-189-l1nwp2.rb extconf.rb
checking for ffi_call() in -lffi... yes
checking for ffi_closure_alloc()... yes
checking for ffi_raw_call()... yes
checking for ffi_prep_raw_closure()... yes
checking for shlwapi.h... no
checking for ruby/thread.h... yes
checking for rb_thread_blocking_region()... no
checking for rb_thread_call_with_gvl()... yes
checking for rb_thread_call_without_gvl()... yes
checking for ffi_prep_cif_var()... yes
creating extconf.h
creating Makefile

current directory: /bundle/gems/ffi-1.9.25/ext/ffi_c
make "DESTDIR=" clean
make: Warning: File 'Makefile' has modification time 3.3 s in the future
make: warning:  Clock skew detected.  Your build may be incomplete.

current directory: /bundle/gems/ffi-1.9.25/ext/ffi_c
make "DESTDIR="
make: Warning: File 'Makefile' has modification time 3.3 s in the future
compiling AbstractMemory.c
compiling ArrayType.c
compiling Buffer.c
compiling Call.c
compiling ClosurePool.c
compiling DataConverter.c
compiling DynamicLibrary.c
compiling Function.c
compiling FunctionInfo.c
compiling LastError.c
compiling LongDouble.c
compiling MappedType.c
compiling MemoryPointer.c
compiling MethodHandle.c
compiling Platform.c
compiling Pointer.c
compiling Struct.c
compiling StructByReference.c
compiling StructByValue.c
compiling StructLayout.c
compiling Thread.c
compiling Type.c
compiling Types.c
compiling Variadic.c
compiling ffi.c
linking shared-object ffi_c.so
make: warning:  Clock skew detected.  Your build may be incomplete.

current directory: /bundle/gems/ffi-1.9.25/ext/ffi_c
make "DESTDIR=" install
make: Warning: File 'ffi_c.so' has modification time 3.4 s in the future
/usr/bin/install -c -m 0755 ffi_c.so ./.gem.20180801-189-1lyhu14
make: warning:  Clock skew detected.  Your build may be incomplete.
