current directory: /bundle/gems/pg-1.0.0/ext
/usr/local/bin/ruby -r ./siteconf20180801-189-lpfa7e.rb extconf.rb
checking for pg_config... yes
Using config values from /usr/bin/pg_config
checking for libpq-fe.h... yes
checking for libpq/libpq-fs.h... yes
checking for pg_config_manual.h... yes
checking for PQconnectdb() in -lpq... yes
checking for PQsetSingleRowMode()... yes
checking for PQconninfo()... yes
checking for PQsslAttribute()... yes
checking for PQencryptPasswordConn()... no
checking for PG_DIAG_TABLE_NAME in libpq-fe.h... yes
checking for unistd.h... yes
checking for inttypes.h... yes
checking for C99 variable length arrays... yes
creating extconf.h
creating Makefile

current directory: /bundle/gems/pg-1.0.0/ext
make "DESTDIR=" clean
make: Warning: File 'Makefile' has modification time 3.4 s in the future
make: warning:  Clock skew detected.  Your build may be incomplete.

current directory: /bundle/gems/pg-1.0.0/ext
make "DESTDIR="
make: Warning: File 'Makefile' has modification time 3.4 s in the future
compiling gvl_wrappers.c
compiling pg.c
compiling pg_binary_decoder.c
compiling pg_binary_encoder.c
compiling pg_coder.c
compiling pg_connection.c
compiling pg_copy_coder.c
compiling pg_errors.c
compiling pg_result.c
compiling pg_text_decoder.c
compiling pg_text_encoder.c
compiling pg_type_map.c
compiling pg_type_map_all_strings.c
compiling pg_type_map_by_class.c
compiling pg_type_map_by_column.c
compiling pg_type_map_by_mri_type.c
compiling pg_type_map_by_oid.c
compiling pg_type_map_in_ruby.c
compiling util.c
linking shared-object pg_ext.so
make: warning:  Clock skew detected.  Your build may be incomplete.

current directory: /bundle/gems/pg-1.0.0/ext
make "DESTDIR=" install
make: Warning: File 'pg_ext.so' has modification time 2.9 s in the future
/usr/bin/install -c -m 0755 pg_ext.so ./.gem.20180801-189-ca99oz
make: warning:  Clock skew detected.  Your build may be incomplete.
