current directory: /bundle/gems/bootsnap-1.3.1/ext/bootsnap
/usr/local/bin/ruby -r ./siteconf20180801-189-14hjuvi.rb extconf.rb
creating Makefile

current directory: /bundle/gems/bootsnap-1.3.1/ext/bootsnap
make "DESTDIR=" clean
make: Warning: File 'Makefile' has modification time 2.8 s in the future
make: warning:  Clock skew detected.  Your build may be incomplete.

current directory: /bundle/gems/bootsnap-1.3.1/ext/bootsnap
make "DESTDIR="
make: Warning: File 'Makefile' has modification time 2.7 s in the future
compiling bootsnap.c
bootsnap.c: In function 'get_ruby_platform':
bootsnap.c:214:3: warning: ISO C90 forbids mixed declarations and code [-Wdeclaration-after-statement]
   struct utsname utsname;
   ^~~~~~
bootsnap.c: In function 'bs_cache_path':
bootsnap.c:240:39: warning: format '%llx' expects argument of type 'long long unsigned int', but argument 5 has type 'uint64_t {aka long unsigned int}' [-Wformat=]
   sprintf(*cache_path, "%s/%02x/%014llx", cachedir, first_byte, remainder);
                                       ^
bootsnap.c: In function 'bs_rb_fetch':
bootsnap.c:279:3: warning: ISO C90 forbids mixed declarations and code [-Wdeclaration-after-statement]
   char * cachedir = RSTRING_PTR(cachedir_v);
   ^~~~
bootsnap.c: At top level:
cc1: warning: unrecognized command line option '-Wno-self-assign'
cc1: warning: unrecognized command line option '-Wno-constant-logical-operand'
cc1: warning: unrecognized command line option '-Wno-parentheses-equality'
linking shared-object bootsnap/bootsnap.so
bootsnap.o: In function `atomic_write_cache_file':
/bundle/gems/bootsnap-1.3.1/ext/bootsnap/bootsnap.c:477: warning: the use of `mktemp' is dangerous, better use `mkstemp' or `mkdtemp'
make: warning:  Clock skew detected.  Your build may be incomplete.

current directory: /bundle/gems/bootsnap-1.3.1/ext/bootsnap
make "DESTDIR=" install
make: Warning: File 'Makefile' has modification time 2.3 s in the future
/usr/bin/install -c -m 0755 bootsnap.so ./.gem.20180801-189-16ndifq/bootsnap
make: warning:  Clock skew detected.  Your build may be incomplete.
